0 info it worked if it ends with ok
1 verbose cli [ '/home/sasha/.nvm/versions/node/v6.9.1/bin/node',
1 verbose cli   '/home/sasha/.nvm/versions/node/v6.9.1/bin/npm',
1 verbose cli   'start',
1 verbose cli   'compile:sass' ]
2 info using npm@3.10.8
3 info using node@v6.9.1
4 verbose stack Error: missing script: start
4 verbose stack     at run (/home/sasha/.nvm/versions/node/v6.9.1/lib/node_modules/npm/lib/run-script.js:151:19)
4 verbose stack     at /home/sasha/.nvm/versions/node/v6.9.1/lib/node_modules/npm/lib/run-script.js:61:5
4 verbose stack     at /home/sasha/.nvm/versions/node/v6.9.1/lib/node_modules/npm/node_modules/read-package-json/read-json.js:356:5
4 verbose stack     at checkBinReferences_ (/home/sasha/.nvm/versions/node/v6.9.1/lib/node_modules/npm/node_modules/read-package-json/read-json.js:320:45)
4 verbose stack     at final (/home/sasha/.nvm/versions/node/v6.9.1/lib/node_modules/npm/node_modules/read-package-json/read-json.js:354:3)
4 verbose stack     at then (/home/sasha/.nvm/versions/node/v6.9.1/lib/node_modules/npm/node_modules/read-package-json/read-json.js:124:5)
4 verbose stack     at ReadFileContext.<anonymous> (/home/sasha/.nvm/versions/node/v6.9.1/lib/node_modules/npm/node_modules/read-package-json/read-json.js:295:20)
4 verbose stack     at ReadFileContext.callback (/home/sasha/.nvm/versions/node/v6.9.1/lib/node_modules/npm/node_modules/graceful-fs/graceful-fs.js:78:16)
4 verbose stack     at FSReqWrap.readFileAfterOpen [as oncomplete] (fs.js:365:13)
5 verbose cwd /home/sasha/Lern/Advanced_css_sass/natours
6 error Linux 4.4.0-140-generic
7 error argv "/home/sasha/.nvm/versions/node/v6.9.1/bin/node" "/home/sasha/.nvm/versions/node/v6.9.1/bin/npm" "start" "compile:sass"
8 error node v6.9.1
9 error npm  v3.10.8
10 error missing script: start
11 error If you need help, you may report this error at:
11 error     <https://github.com/npm/npm/issues>
12 verbose exit [ 1, true ]
